{
  "stats": {
    "suites": 1,
    "tests": 4,
    "passes": 4,
    "pending": 0,
    "failures": 0,
    "start": "2024-09-21T22:07:26.722Z",
    "end": "2024-09-21T22:07:36.212Z",
    "duration": 9490,
    "testsRegistered": 4,
    "passPercent": 100,
    "pendingPercent": 0,
    "other": 0,
    "hasOther": false,
    "skipped": 0,
    "hasSkipped": false
  },
  "results": [
    {
      "uuid": "c3f099a9-aa9c-4adb-aed4-3a7e27f65949",
      "title": "",
      "fullFile": "cypress/e2e/home-work-20/POM/signUpForm.cy.js",
      "file": "cypress/e2e/home-work-20/POM/signUpForm.cy.js",
      "beforeHooks": [],
      "afterHooks": [],
      "tests": [],
      "suites": [
        {
          "uuid": "621399c0-077b-454f-a66c-588f52f0dd5f",
          "title": "SignUp",
          "fullFile": "",
          "file": "",
          "beforeHooks": [],
          "afterHooks": [],
          "tests": [
            {
              "title": "Successful registration",
              "fullTitle": "SignUp Successful registration",
              "timedOut": null,
              "duration": 5889,
              "state": "passed",
              "speed": "medium",
              "pass": true,
              "fail": false,
              "pending": false,
              "context": null,
              "code": "_SignUpForm.default.registerUser(\"Anna\", \"Komrakova\", \"komrakova.anna+23@gmail.com\", \"GmmWseR6**\", \"GmmWseR6**\");",
              "err": {},
              "uuid": "ee568bb3-5ab4-47ec-aecd-1500afa35c81",
              "parentUUID": "621399c0-077b-454f-a66c-588f52f0dd5f",
              "isHook": false,
              "skipped": false
            },
            {
              "title": "Registration without name",
              "fullTitle": "SignUp Registration without name",
              "timedOut": null,
              "duration": 494,
              "state": "passed",
              "speed": "fast",
              "pass": true,
              "fail": false,
              "pending": false,
              "context": null,
              "code": "_SignUpForm.default.nameField.focus().blur();\n_SignUpForm.default.errorMessage.should(\"have.text\", \"Name required\");",
              "err": {},
              "uuid": "4a2fe8f5-5bf1-4671-90be-73ba40c6da6f",
              "parentUUID": "621399c0-077b-454f-a66c-588f52f0dd5f",
              "isHook": false,
              "skipped": false
            },
            {
              "title": "Registration without email",
              "fullTitle": "SignUp Registration without email",
              "timedOut": null,
              "duration": 369,
              "state": "passed",
              "speed": "fast",
              "pass": true,
              "fail": false,
              "pending": false,
              "context": null,
              "code": "_SignUpForm.default.emailField.focus().blur();\n_SignUpForm.default.errorMessage.should(\"have.text\", \"Email required\");",
              "err": {},
              "uuid": "dfc5bfc4-b7e0-403b-bcf0-62dd9d4fd0b4",
              "parentUUID": "621399c0-077b-454f-a66c-588f52f0dd5f",
              "isHook": false,
              "skipped": false
            },
            {
              "title": "Registration with existing user",
              "fullTitle": "SignUp Registration with existing user",
              "timedOut": null,
              "duration": 1853,
              "state": "passed",
              "speed": "fast",
              "pass": true,
              "fail": false,
              "pending": false,
              "context": null,
              "code": "_SignUpForm.default.registerUserWithError(\"Anna\", \"Komrakova\", \"komrakova.anna@gmail.com\", \"GmmWseR6**\", \"GmmWseR6**\");\n_SignUpForm.default.registerErrorMessage.should(\"have.text\", \"User already exists\");",
              "err": {},
              "uuid": "0891fb04-d240-4e07-ac9b-ae5ce8021d3e",
              "parentUUID": "621399c0-077b-454f-a66c-588f52f0dd5f",
              "isHook": false,
              "skipped": false
            }
          ],
          "suites": [],
          "passes": [
            "ee568bb3-5ab4-47ec-aecd-1500afa35c81",
            "4a2fe8f5-5bf1-4671-90be-73ba40c6da6f",
            "dfc5bfc4-b7e0-403b-bcf0-62dd9d4fd0b4",
            "0891fb04-d240-4e07-ac9b-ae5ce8021d3e"
          ],
          "failures": [],
          "pending": [],
          "skipped": [],
          "duration": 8605,
          "root": false,
          "rootEmpty": false,
          "_timeout": 2000
        }
      ],
      "passes": [],
      "failures": [],
      "pending": [],
      "skipped": [],
      "duration": 0,
      "root": true,
      "rootEmpty": true,
      "_timeout": 2000
    }
  ],
  "meta": {
    "mocha": {
      "version": "7.0.1"
    },
    "mochawesome": {
      "options": {
        "quiet": false,
        "reportFilename": "mochawesome",
        "saveHtml": true,
        "saveJson": true,
        "consoleReporter": "spec",
        "useInlineDiffs": false,
        "code": true
      },
      "version": "7.1.3"
    },
    "marge": {
      "options": null,
      "version": "6.2.0"
    }
  }
}