{
  "stats": {
    "suites": 1,
    "tests": 8,
    "passes": 8,
    "pending": 0,
    "failures": 0,
    "start": "2024-09-21T21:11:00.101Z",
    "end": "2024-09-21T21:11:05.957Z",
    "duration": 5856,
    "testsRegistered": 8,
    "passPercent": 100,
    "pendingPercent": 0,
    "other": 0,
    "hasOther": false,
    "skipped": 0,
    "hasSkipped": false
  },
  "results": [
    {
      "uuid": "045917d6-7b69-4cc7-8f60-b7abf680ccfb",
      "title": "",
      "fullFile": "cypress/e2e/home-work-18/qauto-forstudy-space.cy.js",
      "file": "cypress/e2e/home-work-18/qauto-forstudy-space.cy.js",
      "beforeHooks": [],
      "afterHooks": [],
      "tests": [],
      "suites": [
        {
          "uuid": "d8e4d5b0-07ee-4fce-bfba-6f9deec96bee",
          "title": "Main page",
          "fullFile": "",
          "file": "",
          "beforeHooks": [],
          "afterHooks": [],
          "tests": [
            {
              "title": "All header nav buttons",
              "fullTitle": "Main page All header nav buttons",
              "timedOut": null,
              "duration": 1612,
              "state": "passed",
              "speed": "fast",
              "pass": true,
              "fail": false,
              "pending": false,
              "context": null,
              "code": "cy.get(\"nav\").find(\"button\");\ncy.get(\"nav\").find(\"a\").contains(\"Home\");",
              "err": {},
              "uuid": "09ea9c6a-7d9b-4d38-850b-6c4d9b87b394",
              "parentUUID": "d8e4d5b0-07ee-4fce-bfba-6f9deec96bee",
              "isHook": false,
              "skipped": false
            },
            {
              "title": "Guest log in",
              "fullTitle": "Main page Guest log in",
              "timedOut": null,
              "duration": 452,
              "state": "passed",
              "speed": "fast",
              "pass": true,
              "fail": false,
              "pending": false,
              "context": null,
              "code": "cy.get(\"div.header_right\").find(\"button\").contains(\"Guest log in\").click();\ncy.get(\"div.user-nav\").contains(\"My profile\");\ncy.get(\"h1\").contains(\"Garage\");",
              "err": {},
              "uuid": "4c6401dc-c5d2-4727-8c06-b46993a98eed",
              "parentUUID": "d8e4d5b0-07ee-4fce-bfba-6f9deec96bee",
              "isHook": false,
              "skipped": false
            },
            {
              "title": "Log in modal opens on Sign In click",
              "fullTitle": "Main page Log in modal opens on Sign In click",
              "timedOut": null,
              "duration": 425,
              "state": "passed",
              "speed": "fast",
              "pass": true,
              "fail": false,
              "pending": false,
              "context": null,
              "code": "cy.get(\"div.header_right\").find(\"button\").contains(\"Sign In\").click();\ncy.get(\"h4\").contains(\"Log in\");",
              "err": {},
              "uuid": "d28e1c11-64dc-4b00-9559-16e469081add",
              "parentUUID": "d8e4d5b0-07ee-4fce-bfba-6f9deec96bee",
              "isHook": false,
              "skipped": false
            },
            {
              "title": "Registration modal opens on Sign up click",
              "fullTitle": "Main page Registration modal opens on Sign up click",
              "timedOut": null,
              "duration": 467,
              "state": "passed",
              "speed": "fast",
              "pass": true,
              "fail": false,
              "pending": false,
              "context": null,
              "code": "cy.get(\"div.hero-descriptor\").find(\"button\").contains(\"Sign up\").click();\ncy.get(\"h4\").contains(\"Registration\");",
              "err": {},
              "uuid": "4888caeb-ccfd-4d98-8c1e-b2f45abc50d9",
              "parentUUID": "d8e4d5b0-07ee-4fce-bfba-6f9deec96bee",
              "isHook": false,
              "skipped": false
            },
            {
              "title": "All footer contact buttons",
              "fullTitle": "Main page All footer contact buttons",
              "timedOut": null,
              "duration": 365,
              "state": "passed",
              "speed": "fast",
              "pass": true,
              "fail": false,
              "pending": false,
              "context": null,
              "code": "cy.get(\"div.contacts_socials\").children(\"a\").then($children => {\n  expect($children).to.have.length(5);\n});",
              "err": {},
              "uuid": "1227ad8b-1bf7-4bf0-8761-75fdcf87df46",
              "parentUUID": "d8e4d5b0-07ee-4fce-bfba-6f9deec96bee",
              "isHook": false,
              "skipped": false
            },
            {
              "title": "Check every footer contact button is visible",
              "fullTitle": "Main page Check every footer contact button is visible",
              "timedOut": null,
              "duration": 430,
              "state": "passed",
              "speed": "fast",
              "pass": true,
              "fail": false,
              "pending": false,
              "context": null,
              "code": "cy.get(\"div.contacts_socials\").find(\"a.socials_link\").each($el => {\n  cy.wrap($el).should(\"be.visible\");\n});",
              "err": {},
              "uuid": "e245bed5-558b-4194-a367-631dae669e2f",
              "parentUUID": "d8e4d5b0-07ee-4fce-bfba-6f9deec96bee",
              "isHook": false,
              "skipped": false
            },
            {
              "title": "Footer: ithillel.ua is visible",
              "fullTitle": "Main page Footer: ithillel.ua is visible",
              "timedOut": null,
              "duration": 253,
              "state": "passed",
              "speed": "fast",
              "pass": true,
              "fail": false,
              "pending": false,
              "context": null,
              "code": "cy.get(\"div.col-md-6\").find(\"a\").contains(\"ithillel.ua\").should(\"be.visible\");",
              "err": {},
              "uuid": "0b91af25-b541-4a7d-95bc-746e8bef2817",
              "parentUUID": "d8e4d5b0-07ee-4fce-bfba-6f9deec96bee",
              "isHook": false,
              "skipped": false
            },
            {
              "title": "Footer: support email is visible",
              "fullTitle": "Main page Footer: support email is visible",
              "timedOut": null,
              "duration": 288,
              "state": "passed",
              "speed": "fast",
              "pass": true,
              "fail": false,
              "pending": false,
              "context": null,
              "code": "cy.get(\"div.col-md-6\").find(\"a\").contains(\"support@ithillel.ua\").should(\"be.visible\");",
              "err": {},
              "uuid": "907730d4-6ec3-457c-b85f-0b17878a4bc1",
              "parentUUID": "d8e4d5b0-07ee-4fce-bfba-6f9deec96bee",
              "isHook": false,
              "skipped": false
            }
          ],
          "suites": [],
          "passes": [
            "09ea9c6a-7d9b-4d38-850b-6c4d9b87b394",
            "4c6401dc-c5d2-4727-8c06-b46993a98eed",
            "d28e1c11-64dc-4b00-9559-16e469081add",
            "4888caeb-ccfd-4d98-8c1e-b2f45abc50d9",
            "1227ad8b-1bf7-4bf0-8761-75fdcf87df46",
            "e245bed5-558b-4194-a367-631dae669e2f",
            "0b91af25-b541-4a7d-95bc-746e8bef2817",
            "907730d4-6ec3-457c-b85f-0b17878a4bc1"
          ],
          "failures": [],
          "pending": [],
          "skipped": [],
          "duration": 4292,
          "root": false,
          "rootEmpty": false,
          "_timeout": 2000
        }
      ],
      "passes": [],
      "failures": [],
      "pending": [],
      "skipped": [],
      "duration": 0,
      "root": true,
      "rootEmpty": true,
      "_timeout": 2000
    }
  ],
  "meta": {
    "mocha": {
      "version": "7.0.1"
    },
    "mochawesome": {
      "options": {
        "quiet": false,
        "reportFilename": "mochawesome",
        "saveHtml": true,
        "saveJson": true,
        "consoleReporter": "spec",
        "useInlineDiffs": false,
        "code": true
      },
      "version": "7.1.3"
    },
    "marge": {
      "options": null,
      "version": "6.2.0"
    }
  }
}